<?xml version="1.0" encoding="UTF-8"?>
<testng-results ignored="0" total="3" passed="3" failed="0" skipped="0">
  <reporter-output>
  </reporter-output>
  <suite started-at="2025-11-26T03:56:38 IST" name="Suite" finished-at="2025-11-26T03:57:12 IST" duration-ms="34008">
    <groups>
    </groups>
    <test started-at="2025-11-26T03:56:38 IST" name="ChromeTest" finished-at="2025-11-26T03:57:10 IST" duration-ms="32352">
      <class name="com.Devops.assignment.CrossBrowser_Amazon">
        <test-method signature="crossBrowserTest(java.lang.String)[pri:0, instance:com.Devops.assignment.CrossBrowser_Amazon@368f2016]" started-at="2025-11-26T03:56:38 IST" name="crossBrowserTest" finished-at="2025-11-26T03:57:10 IST" duration-ms="32309" status="PASS">
          <params>
            <param index="0">
              <value>
                <![CDATA[Chrome]]>
              </value>
            </param>
          </params>
          <reporter-output>
          </reporter-output>
        </test-method> <!-- crossBrowserTest -->
      </class> <!-- com.Devops.assignment.CrossBrowser_Amazon -->
    </test> <!-- ChromeTest -->
    <test started-at="2025-11-26T03:56:38 IST" name="FirefoxTest" finished-at="2025-11-26T03:57:11 IST" duration-ms="33060">
      <class name="com.Devops.assignment.CrossBrowser_Amazon">
        <test-method signature="crossBrowserTest(java.lang.String)[pri:0, instance:com.Devops.assignment.CrossBrowser_Amazon@74e52ef6]" started-at="2025-11-26T03:56:38 IST" name="crossBrowserTest" finished-at="2025-11-26T03:57:11 IST" duration-ms="33021" status="PASS">
          <params>
            <param index="0">
              <value>
                <![CDATA[Firefox]]>
              </value>
            </param>
          </params>
          <reporter-output>
          </reporter-output>
        </test-method> <!-- crossBrowserTest -->
      </class> <!-- com.Devops.assignment.CrossBrowser_Amazon -->
    </test> <!-- FirefoxTest -->
    <test started-at="2025-11-26T03:56:38 IST" name="EdgeTest" finished-at="2025-11-26T03:57:12 IST" duration-ms="34008">
      <class name="com.Devops.assignment.CrossBrowser_Amazon">
        <test-method signature="crossBrowserTest(java.lang.String)[pri:0, instance:com.Devops.assignment.CrossBrowser_Amazon@4116aac9]" started-at="2025-11-26T03:56:38 IST" name="crossBrowserTest" finished-at="2025-11-26T03:57:12 IST" duration-ms="33968" status="PASS">
          <params>
            <param index="0">
              <value>
                <![CDATA[Edge]]>
              </value>
            </param>
          </params>
          <reporter-output>
          </reporter-output>
        </test-method> <!-- crossBrowserTest -->
      </class> <!-- com.Devops.assignment.CrossBrowser_Amazon -->
    </test> <!-- EdgeTest -->
  </suite> <!-- Suite -->
</testng-results>
