<?xml version="1.0" encoding="UTF-8"?>
<testng-results ignored="0" total="3" passed="3" failed="0" skipped="0">
  <reporter-output>
  </reporter-output>
  <suite started-at="2025-11-26T04:19:00 IST" name="Suite" finished-at="2025-11-26T04:19:34 IST" duration-ms="33750">
    <groups>
    </groups>
    <test started-at="2025-11-26T04:19:00 IST" name="ChromeTest" finished-at="2025-11-26T04:19:32 IST" duration-ms="31893">
      <class name="com.Devops.assignment.CrossBrowser_Amazon">
        <test-method signature="crossBrowserTest(java.lang.String)[pri:0, instance:com.Devops.assignment.CrossBrowser_Amazon@368f2016]" started-at="2025-11-26T04:19:00 IST" name="crossBrowserTest" finished-at="2025-11-26T04:19:32 IST" duration-ms="31821" status="PASS">
          <params>
            <param index="0">
              <value>
                <![CDATA[Chrome]]>
              </value>
            </param>
          </params>
          <reporter-output>
          </reporter-output>
        </test-method> <!-- crossBrowserTest -->
      </class> <!-- com.Devops.assignment.CrossBrowser_Amazon -->
    </test> <!-- ChromeTest -->
    <test started-at="2025-11-26T04:19:00 IST" name="FirefoxTest" finished-at="2025-11-26T04:19:33 IST" duration-ms="32532">
      <class name="com.Devops.assignment.CrossBrowser_Amazon">
        <test-method signature="crossBrowserTest(java.lang.String)[pri:0, instance:com.Devops.assignment.CrossBrowser_Amazon@74e52ef6]" started-at="2025-11-26T04:19:00 IST" name="crossBrowserTest" finished-at="2025-11-26T04:19:33 IST" duration-ms="32466" status="PASS">
          <params>
            <param index="0">
              <value>
                <![CDATA[Firefox]]>
              </value>
            </param>
          </params>
          <reporter-output>
          </reporter-output>
        </test-method> <!-- crossBrowserTest -->
      </class> <!-- com.Devops.assignment.CrossBrowser_Amazon -->
    </test> <!-- FirefoxTest -->
    <test started-at="2025-11-26T04:19:00 IST" name="EdgeTest" finished-at="2025-11-26T04:19:34 IST" duration-ms="33750">
      <class name="com.Devops.assignment.CrossBrowser_Amazon">
        <test-method signature="crossBrowserTest(java.lang.String)[pri:0, instance:com.Devops.assignment.CrossBrowser_Amazon@4116aac9]" started-at="2025-11-26T04:19:00 IST" name="crossBrowserTest" finished-at="2025-11-26T04:19:34 IST" duration-ms="33685" status="PASS">
          <params>
            <param index="0">
              <value>
                <![CDATA[Edge]]>
              </value>
            </param>
          </params>
          <reporter-output>
          </reporter-output>
        </test-method> <!-- crossBrowserTest -->
      </class> <!-- com.Devops.assignment.CrossBrowser_Amazon -->
    </test> <!-- EdgeTest -->
  </suite> <!-- Suite -->
</testng-results>
