<?xml version="1.0" encoding="UTF-8"?>
<!-- Generated by org.testng.reporters.JUnitReportReporter -->
<testsuite hostname="Chandrashila" failures="0" tests="3" name="com.Devops.assignment.CrossBrowser_Amazon" time="97.972" errors="0" timestamp="2025-11-26T04:19:34 IST" skipped="0">
  <testcase classname="com.Devops.assignment.CrossBrowser_Amazon" name="crossBrowserTest" time="33.685"/>
  <testcase classname="com.Devops.assignment.CrossBrowser_Amazon" name="crossBrowserTest" time="31.821"/>
  <testcase classname="com.Devops.assignment.CrossBrowser_Amazon" name="crossBrowserTest" time="32.466"/>
</testsuite> <!-- com.Devops.assignment.CrossBrowser_Amazon -->
