<?xml version="1.0" encoding="UTF-8"?>
<!-- Generated by org.testng.reporters.JUnitReportReporter -->
<testsuite hostname="Chandrashila" failures="0" tests="3" name="com.Devops.assignment.CrossBrowser_Amazon" time="99.298" errors="0" timestamp="2025-11-26T03:57:12 IST" skipped="0">
  <testcase classname="com.Devops.assignment.CrossBrowser_Amazon" name="crossBrowserTest" time="33.968"/>
  <testcase classname="com.Devops.assignment.CrossBrowser_Amazon" name="crossBrowserTest" time="33.021"/>
  <testcase classname="com.Devops.assignment.CrossBrowser_Amazon" name="crossBrowserTest" time="32.309"/>
</testsuite> <!-- com.Devops.assignment.CrossBrowser_Amazon -->
